mirror: Access failed: Permission denied (/arc_analytics)
mirror: Access failed: Permission denied (/arc_constituents)
mirror: Access failed: Permission denied (/arc_fundflow)
mirror: Access failed: Permission denied (/arc_industry)
mirror: Access failed: Permission denied (/esg_core)
mirror: Access failed: Permission denied (/esg_etf_ratings)
mirror: Access failed: Permission denied (/legacy_analytics)
mirror: Access failed: Permission denied (/legacy_constituents)
mirror: Access failed: Permission denied (/legacy_fund_flows)
mirror: Access failed: Permission denied (/legacy_header_files)
mirror: Access failed: Permission denied (/legacy_industries)
mirror: Access failed: Permission denied (/v2_analytics)
mirror: Access failed: Permission denied (/v2_constituents_snapshot)
mirror: Access failed: Permission denied (/v2_fundflow_snapshot)
mirror: Access failed: Permission denied (/v2_industry_snapshot)
mirror: Access failed: Permission denied (/arc_analytics)
mirror: Access failed: Permission denied (/arc_constituents)
mirror: Access failed: Permission denied (/arc_fundflow)
mirror: Access failed: Permission denied (/arc_industry)
mirror: Access failed: Permission denied (/esg_core)
mirror: Access failed: Permission denied (/esg_etf_ratings)
mirror: Access failed: Permission denied (/legacy_analytics)
mirror: Access failed: Permission denied (/legacy_constituents)
mirror: Access failed: Permission denied (/legacy_fund_flows)
mirror: Access failed: Permission denied (/legacy_header_files)
mirror: Access failed: Permission denied (/legacy_industries)
mirror: Access failed: Permission denied (/v2_analytics)
mirror: Access failed: Permission denied (/v2_constituents_snapshot)
mirror: Access failed: Permission denied (/v2_fundflow_snapshot)
mirror: Access failed: Permission denied (/v2_industry_snapshot)
